Determining if the pthread_create exist failed with the following output:
Change Dir: /home/kcubuntu/Desktop/Udacity/SFND_Lidar_Obstacle_Detection/src/quiz/cluster/build/CMakeFiles/CMakeTmp

Run Build Command:"/usr/bin/make" "cmTC_d53d8/fast"
/usr/bin/make -f CMakeFiles/cmTC_d53d8.dir/build.make CMakeFiles/cmTC_d53d8.dir/build
make[1]: Entering directory '/home/kcubuntu/Desktop/Udacity/SFND_Lidar_Obstacle_Detection/src/quiz/cluster/build/CMakeFiles/CMakeTmp'
Building C object CMakeFiles/cmTC_d53d8.dir/CheckSymbolExists.c.o
/usr/bin/cc     -o CMakeFiles/cmTC_d53d8.dir/CheckSymbolExists.c.o   -c /home/kcubuntu/Desktop/Udacity/SFND_Lidar_Obstacle_Detection/src/quiz/cluster/build/CMakeFiles/CMakeTmp/CheckSymbolExists.c
Linking C executable cmTC_d53d8
/usr/bin/cmake -E cmake_link_script CMakeFiles/cmTC_d53d8.dir/link.txt --verbose=1
/usr/bin/cc       CMakeFiles/cmTC_d53d8.dir/CheckSymbolExists.c.o  -o cmTC_d53d8 -rdynamic 
CMakeFiles/cmTC_d53d8.dir/CheckSymbolExists.c.o: In function `main':
CheckSymbolExists.c:(.text+0x16): undefined reference to `pthread_create'
collect2: error: ld returned 1 exit status
CMakeFiles/cmTC_d53d8.dir/build.make:97: recipe for target 'cmTC_d53d8' failed
make[1]: *** [cmTC_d53d8] Error 1
make[1]: Leaving directory '/home/kcubuntu/Desktop/Udacity/SFND_Lidar_Obstacle_Detection/src/quiz/cluster/build/CMakeFiles/CMakeTmp'
Makefile:126: recipe for target 'cmTC_d53d8/fast' failed
make: *** [cmTC_d53d8/fast] Error 2

File /home/kcubuntu/Desktop/Udacity/SFND_Lidar_Obstacle_Detection/src/quiz/cluster/build/CMakeFiles/CMakeTmp/CheckSymbolExists.c:
/* */
#include <pthread.h>

int main(int argc, char** argv)
{
  (void)argv;
#ifndef pthread_create
  return ((int*)(&pthread_create))[argc];
#else
  (void)argc;
  return 0;
#endif
}

Determining if the function pthread_create exists in the pthreads failed with the following output:
Change Dir: /home/kcubuntu/Desktop/Udacity/SFND_Lidar_Obstacle_Detection/src/quiz/cluster/build/CMakeFiles/CMakeTmp

Run Build Command:"/usr/bin/make" "cmTC_5ff17/fast"
/usr/bin/make -f CMakeFiles/cmTC_5ff17.dir/build.make CMakeFiles/cmTC_5ff17.dir/build
make[1]: Entering directory '/home/kcubuntu/Desktop/Udacity/SFND_Lidar_Obstacle_Detection/src/quiz/cluster/build/CMakeFiles/CMakeTmp'
Building C object CMakeFiles/cmTC_5ff17.dir/CheckFunctionExists.c.o
/usr/bin/cc    -DCHECK_FUNCTION_EXISTS=pthread_create   -o CMakeFiles/cmTC_5ff17.dir/CheckFunctionExists.c.o   -c /usr/share/cmake-3.5/Modules/CheckFunctionExists.c
Linking C executable cmTC_5ff17
/usr/bin/cmake -E cmake_link_script CMakeFiles/cmTC_5ff17.dir/link.txt --verbose=1
/usr/bin/cc   -DCHECK_FUNCTION_EXISTS=pthread_create    CMakeFiles/cmTC_5ff17.dir/CheckFunctionExists.c.o  -o cmTC_5ff17 -rdynamic -lpthreads 
/usr/bin/ld: cannot find -lpthreads
collect2: error: ld returned 1 exit status
CMakeFiles/cmTC_5ff17.dir/build.make:97: recipe for target 'cmTC_5ff17' failed
make[1]: *** [cmTC_5ff17] Error 1
make[1]: Leaving directory '/home/kcubuntu/Desktop/Udacity/SFND_Lidar_Obstacle_Detection/src/quiz/cluster/build/CMakeFiles/CMakeTmp'
Makefile:126: recipe for target 'cmTC_5ff17/fast' failed
make: *** [cmTC_5ff17/fast] Error 2


