Determining if the pthread_create exist failed with the following output:
Change Dir: /home/kcubuntu/Desktop/Udacity/SFND_Lidar_Obstacle_Detection/src/quiz/ransac/build/CMakeFiles/CMakeTmp

Run Build Command:"/usr/bin/make" "cmTC_d46cf/fast"
/usr/bin/make -f CMakeFiles/cmTC_d46cf.dir/build.make CMakeFiles/cmTC_d46cf.dir/build
make[1]: Entering directory '/home/kcubuntu/Desktop/Udacity/SFND_Lidar_Obstacle_Detection/src/quiz/ransac/build/CMakeFiles/CMakeTmp'
Building C object CMakeFiles/cmTC_d46cf.dir/CheckSymbolExists.c.o
/usr/bin/cc     -o CMakeFiles/cmTC_d46cf.dir/CheckSymbolExists.c.o   -c /home/kcubuntu/Desktop/Udacity/SFND_Lidar_Obstacle_Detection/src/quiz/ransac/build/CMakeFiles/CMakeTmp/CheckSymbolExists.c
Linking C executable cmTC_d46cf
/usr/bin/cmake -E cmake_link_script CMakeFiles/cmTC_d46cf.dir/link.txt --verbose=1
/usr/bin/cc       CMakeFiles/cmTC_d46cf.dir/CheckSymbolExists.c.o  -o cmTC_d46cf -rdynamic 
CMakeFiles/cmTC_d46cf.dir/CheckSymbolExists.c.o: In function `main':
CheckSymbolExists.c:(.text+0x16): undefined reference to `pthread_create'
collect2: error: ld returned 1 exit status
CMakeFiles/cmTC_d46cf.dir/build.make:97: recipe for target 'cmTC_d46cf' failed
make[1]: *** [cmTC_d46cf] Error 1
make[1]: Leaving directory '/home/kcubuntu/Desktop/Udacity/SFND_Lidar_Obstacle_Detection/src/quiz/ransac/build/CMakeFiles/CMakeTmp'
Makefile:126: recipe for target 'cmTC_d46cf/fast' failed
make: *** [cmTC_d46cf/fast] Error 2

File /home/kcubuntu/Desktop/Udacity/SFND_Lidar_Obstacle_Detection/src/quiz/ransac/build/CMakeFiles/CMakeTmp/CheckSymbolExists.c:
/* */
#include <pthread.h>

int main(int argc, char** argv)
{
  (void)argv;
#ifndef pthread_create
  return ((int*)(&pthread_create))[argc];
#else
  (void)argc;
  return 0;
#endif
}

Determining if the function pthread_create exists in the pthreads failed with the following output:
Change Dir: /home/kcubuntu/Desktop/Udacity/SFND_Lidar_Obstacle_Detection/src/quiz/ransac/build/CMakeFiles/CMakeTmp

Run Build Command:"/usr/bin/make" "cmTC_b2835/fast"
/usr/bin/make -f CMakeFiles/cmTC_b2835.dir/build.make CMakeFiles/cmTC_b2835.dir/build
make[1]: Entering directory '/home/kcubuntu/Desktop/Udacity/SFND_Lidar_Obstacle_Detection/src/quiz/ransac/build/CMakeFiles/CMakeTmp'
Building C object CMakeFiles/cmTC_b2835.dir/CheckFunctionExists.c.o
/usr/bin/cc    -DCHECK_FUNCTION_EXISTS=pthread_create   -o CMakeFiles/cmTC_b2835.dir/CheckFunctionExists.c.o   -c /usr/share/cmake-3.5/Modules/CheckFunctionExists.c
Linking C executable cmTC_b2835
/usr/bin/cmake -E cmake_link_script CMakeFiles/cmTC_b2835.dir/link.txt --verbose=1
/usr/bin/cc   -DCHECK_FUNCTION_EXISTS=pthread_create    CMakeFiles/cmTC_b2835.dir/CheckFunctionExists.c.o  -o cmTC_b2835 -rdynamic -lpthreads 
/usr/bin/ld: cannot find -lpthreads
collect2: error: ld returned 1 exit status
CMakeFiles/cmTC_b2835.dir/build.make:97: recipe for target 'cmTC_b2835' failed
make[1]: *** [cmTC_b2835] Error 1
make[1]: Leaving directory '/home/kcubuntu/Desktop/Udacity/SFND_Lidar_Obstacle_Detection/src/quiz/ransac/build/CMakeFiles/CMakeTmp'
Makefile:126: recipe for target 'cmTC_b2835/fast' failed
make: *** [cmTC_b2835/fast] Error 2


